<?xml version="1.0" encoding="UTF-8"?>
<testng-results ignored="0" total="0" passed="0" failed="0" skipped="0">
  <reporter-output>
  </reporter-output>
  <suite started-at="2022-06-18T20:16:36 ICT" name="Default suite" finished-at="2022-06-18T20:16:36 ICT" duration-ms="15">
    <groups>
    </groups>
    <test started-at="2022-06-18T20:16:36 ICT" name="Default test" finished-at="2022-06-18T20:16:36 ICT" duration-ms="15">
    </test> <!-- Default test -->
  </suite> <!-- Default suite -->
</testng-results>
