<?xml version="1.0" encoding="UTF-8"?>
<!-- Generated by org.testng.reporters.JUnitXMLReporter -->
<testsuite ignored="0" hostname="LAPTOP-O8200AJ0" failures="0" tests="8" name="Command line test" time="13.994" errors="0" timestamp="2022-06-20T03:56:09 ICT">
  <testcase classname="tests.SignUpTest" name="Test01" time="3.901"/>
  <testcase classname="tests.SignUpTest" name="Test02" time="1.425"/>
  <testcase classname="tests.SignUpTest" name="Test03" time="1.458"/>
  <testcase classname="tests.SignUpTest" name="Test04" time="1.41"/>
  <testcase classname="tests.SignUpTest" name="Test05" time="1.441"/>
  <testcase classname="tests.SignUpTest" name="Test06" time="1.453"/>
  <testcase classname="tests.SignUpTest" name="Test07" time="1.395"/>
  <testcase classname="tests.SignUpTest" name="Test08" time="1.45"/>
</testsuite> <!-- Command line test -->
