<?xml version="1.0" encoding="UTF-8"?>
<!-- Generated by org.testng.reporters.JUnitXMLReporter -->
<testsuite ignored="5" hostname="LAPTOP-O8200AJ0" failures="0" tests="1" name="Default test" time="4.238" errors="0" timestamp="2022-06-17T09:48:18 ICT">
  <testcase classname="tests.LoginTest" name="Test01" time="4.172"/>
  <testcase classname="tests.LoginTest" name="Test03" time="0.0">
    <ignored/>
  </testcase> <!-- Test03 -->
  <testcase classname="tests.LoginTest" name="Test02" time="0.0">
    <ignored/>
  </testcase> <!-- Test02 -->
  <testcase classname="tests.LoginTest" name="Test05" time="0.0">
    <ignored/>
  </testcase> <!-- Test05 -->
  <testcase classname="tests.LoginTest" name="Test04" time="0.0">
    <ignored/>
  </testcase> <!-- Test04 -->
  <testcase classname="tests.LoginTest" name="Test06" time="0.0">
    <ignored/>
  </testcase> <!-- Test06 -->
</testsuite> <!-- Default test -->
