<?xml version="1.0" encoding="UTF-8"?>
<!-- Generated by org.testng.reporters.JUnitXMLReporter -->
<testsuite ignored="5" hostname="LAPTOP-O8200AJ0" failures="0" tests="1" name="Default test" time="4.032" errors="0" timestamp="2022-06-19T23:34:29 ICT">
  <testcase classname="tests.LoginTest" name="Test01" time="3.979"/>
  <testcase classname="tests.LoginTest" name="Test06" time="0.0">
    <ignored/>
  </testcase> <!-- Test06 -->
  <testcase classname="tests.LoginTest" name="Test04" time="0.0">
    <ignored/>
  </testcase> <!-- Test04 -->
  <testcase classname="tests.LoginTest" name="Test05" time="0.0">
    <ignored/>
  </testcase> <!-- Test05 -->
  <testcase classname="tests.LoginTest" name="Test02" time="0.0">
    <ignored/>
  </testcase> <!-- Test02 -->
  <testcase classname="tests.LoginTest" name="Test03" time="0.0">
    <ignored/>
  </testcase> <!-- Test03 -->
</testsuite> <!-- Default test -->
