<?xml version="1.0" encoding="UTF-8"?>
<!-- Generated by org.testng.reporters.JUnitXMLReporter -->
<testsuite ignored="0" hostname="LAPTOP-O8200AJ0" failures="1" tests="1" name="Command line test" time="2.432" errors="0" timestamp="2022-06-25T18:07:49 ICT">
  <testcase classname="com.tvinh.test1.EditTest" name="TestCase01" time="2.412">
    <failure type="io.restassured.path.json.exception.JsonPathException" message="Failed to parse the JSON document">
      <![CDATA[io.restassured.path.json.exception.JsonPathException: Failed to parse the JSON document
at json.path@5.1.1/io.restassured.path.json.JsonPath$ExceptionCatcher.invoke(JsonPath.java:1002)
at json.path@5.1.1/io.restassured.path.json.JsonPath$4.doParseWith(JsonPath.java:967)
at json.path@5.1.1/io.restassured.path.json.JsonPath$JsonParser.parseWith(JsonPath.java:1047)
at json.path@5.1.1/io.restassured.path.json.JsonPath.get(JsonPath.java:202)
at com.tvinh.test1/com.tvinh.test1.LoginTest.getAccessToken(LoginTest.java:180)
at com.tvinh.test1/com.tvinh.test1.EditTest.TestCase01(EditTest.java:32)
at java.base/java.util.ArrayList.forEach(ArrayList.java:1511)
at com.tvinh.test1/com.tvinh.test1.EditTest.call(EditTest.java:64)
at com.tvinh.test1/com.tvinh.test1.Controller.Test(Controller.java:57)
at javafx.fxml@18/com.sun.javafx.fxml.MethodHelper.invoke(MethodHelper.java:84)
at javafx.fxml@18/javafx.fxml.FXMLLoader$MethodHandler.invoke(FXMLLoader.java:1854)
at javafx.fxml@18/javafx.fxml.FXMLLoader$ControllerMethodEventHandler.handle(FXMLLoader.java:1724)
at javafx.base@18/com.sun.javafx.event.CompositeEventHandler.dispatchBubblingEvent(CompositeEventHandler.java:86)
at javafx.base@18/com.sun.javafx.event.EventHandlerManager.dispatchBubblingEvent(EventHandlerManager.java:234)
at javafx.base@18/com.sun.javafx.event.EventHandlerManager.dispatchBubblingEvent(EventHandlerManager.java:191)
at javafx.base@18/com.sun.javafx.event.CompositeEventDispatcher.dispatchBubblingEvent(CompositeEventDispatcher.java:59)
at javafx.base@18/com.sun.javafx.event.BasicEventDispatcher.dispatchEvent(BasicEventDispatcher.java:58)
at javafx.base@18/com.sun.javafx.event.EventDispatchChainImpl.dispatchEvent(EventDispatchChainImpl.java:114)
at javafx.base@18/com.sun.javafx.event.BasicEventDispatcher.dispatchEvent(BasicEventDispatcher.java:56)
at javafx.base@18/com.sun.javafx.event.EventDispatchChainImpl.dispatchEvent(EventDispatchChainImpl.java:114)
at javafx.base@18/com.sun.javafx.event.BasicEventDispatcher.dispatchEvent(BasicEventDispatcher.java:56)
at javafx.base@18/com.sun.javafx.event.EventDispatchChainImpl.dispatchEvent(EventDispatchChainImpl.java:114)
at javafx.base@18/com.sun.javafx.event.EventUtil.fireEventImpl(EventUtil.java:74)
at javafx.base@18/com.sun.javafx.event.EventUtil.fireEvent(EventUtil.java:49)
at javafx.base@18/javafx.event.Event.fireEvent(Event.java:198)
at javafx.graphics@18/javafx.scene.Node.fireEvent(Node.java:8797)
at javafx.controls@18/javafx.scene.control.Button.fire(Button.java:203)
at javafx.controls@18/com.sun.javafx.scene.control.behavior.ButtonBehavior.mouseReleased(ButtonBehavior.java:208)
at javafx.controls@18/com.sun.javafx.scene.control.inputmap.InputMap.handle(InputMap.java:274)
at javafx.base@18/com.sun.javafx.event.CompositeEventHandler$NormalEventHandlerRecord.handleBubblingEvent(CompositeEventHandler.java:247)
at javafx.base@18/com.sun.javafx.event.CompositeEventHandler.dispatchBubblingEvent(CompositeEventHandler.java:80)
at javafx.base@18/com.sun.javafx.event.EventHandlerManager.dispatchBubblingEvent(EventHandlerManager.java:234)
at javafx.base@18/com.sun.javafx.event.EventHandlerManager.dispatchBubblingEvent(EventHandlerManager.java:191)
at javafx.base@18/com.sun.javafx.event.CompositeEventDispatcher.dispatchBubblingEvent(CompositeEventDispatcher.java:59)
at javafx.base@18/com.sun.javafx.event.BasicEventDispatcher.dispatchEvent(BasicEventDispatcher.java:58)
at javafx.base@18/com.sun.javafx.event.EventDispatchChainImpl.dispatchEvent(EventDispatchChainImpl.java:114)
at javafx.base@18/com.sun.javafx.event.BasicEventDispatcher.dispatchEvent(BasicEventDispatcher.java:56)
at javafx.base@18/com.sun.javafx.event.EventDispatchChainImpl.dispatchEvent(EventDispatchChainImpl.java:114)
at javafx.base@18/com.sun.javafx.event.BasicEventDispatcher.dispatchEvent(BasicEventDispatcher.java:56)
at javafx.base@18/com.sun.javafx.event.EventDispatchChainImpl.dispatchEvent(EventDispatchChainImpl.java:114)
at javafx.base@18/com.sun.javafx.event.EventUtil.fireEventImpl(EventUtil.java:74)
at javafx.base@18/com.sun.javafx.event.EventUtil.fireEvent(EventUtil.java:54)
at javafx.base@18/javafx.event.Event.fireEvent(Event.java:198)
at javafx.graphics@18/javafx.scene.Scene$MouseHandler.process(Scene.java:3881)
at javafx.graphics@18/javafx.scene.Scene.processMouseEvent(Scene.java:1874)
at javafx.graphics@18/javafx.scene.Scene$ScenePeerListener.mouseEvent(Scene.java:2607)
at javafx.graphics@18/com.sun.javafx.tk.quantum.GlassViewEventHandler$MouseEventNotification.run(GlassViewEventHandler.java:411)
at javafx.graphics@18/com.sun.javafx.tk.quantum.GlassViewEventHandler$MouseEventNotification.run(GlassViewEventHandler.java:301)
at java.base/java.security.AccessController.doPrivileged(AccessController.java:399)
at javafx.graphics@18/com.sun.javafx.tk.quantum.GlassViewEventHandler.lambda$handleMouseEvent$2(GlassViewEventHandler.java:450)
at javafx.graphics@18/com.sun.javafx.tk.quantum.QuantumToolkit.runWithoutRenderLock(QuantumToolkit.java:424)
at javafx.graphics@18/com.sun.javafx.tk.quantum.GlassViewEventHandler.handleMouseEvent(GlassViewEventHandler.java:449)
at javafx.graphics@18/com.sun.glass.ui.View.handleMouseEvent(View.java:551)
at javafx.graphics@18/com.sun.glass.ui.View.notifyMouse(View.java:937)
at javafx.graphics@18/com.sun.glass.ui.win.WinApplication._runLoop(Native Method)
at javafx.graphics@18/com.sun.glass.ui.win.WinApplication.lambda$runLoop$3(WinApplication.java:184)
at java.base/java.lang.Thread.run(Thread.java:833)
Caused by: groovy.json.JsonException: Lexing failed on line: 1, column: 1, while reading '<', no possible valid JSON value or punctuation could be recognized.
at groovy.json.JsonLexer.nextToken(JsonLexer.java:86)
at groovy.json.JsonLexer$nextToken.call(Unknown Source)
at org.codehaus.groovy.runtime.callsite.CallSiteArray.defaultCall(CallSiteArray.java:46)
at org.codehaus.groovy.runtime.callsite.AbstractCallSite.call(AbstractCallSite.java:125)
at org.codehaus.groovy.runtime.callsite.AbstractCallSite.call(AbstractCallSite.java:130)
at json.path@5.1.1/io.restassured.internal.path.json.ConfigurableJsonSlurper.parse(ConfigurableJsonSlurper.groovy:97)
at io.restassured.internal.path.json.ConfigurableJsonSlurper$parse.callCurrent(Unknown Source)
at org.codehaus.groovy.runtime.callsite.CallSiteArray.defaultCallCurrent(CallSiteArray.java:50)
at org.codehaus.groovy.runtime.callsite.AbstractCallSite.callCurrent(AbstractCallSite.java:171)
at org.codehaus.groovy.runtime.callsite.AbstractCallSite.callCurrent(AbstractCallSite.java:185)
at json.path@5.1.1/io.restassured.internal.path.json.ConfigurableJsonSlurper.parseText(ConfigurableJsonSlurper.groovy:83)
at json.path@5.1.1/io.restassured.path.json.JsonPath$4$1.method(JsonPath.java:965)
at json.path@5.1.1/io.restassured.path.json.JsonPath$ExceptionCatcher.invoke(JsonPath.java:1000)
... 84 more
... Removed 28 stack frames]]>
    </failure>
  </testcase> <!-- TestCase01 -->
</testsuite> <!-- Command line test -->
