<?xml version="1.0" encoding="UTF-8"?>
<!-- Generated by org.testng.reporters.JUnitXMLReporter -->
<testsuite ignored="0" hostname="DUY" failures="0" tests="3" name="Command line test" time="5.895" errors="0" timestamp="2022-07-01T20:25:21 ICT">
  <testcase classname="com.tvinh.test1.GetNewsTest" name="Test01" time="3.265"/>
  <testcase classname="com.tvinh.test1.GetNewsTest" name="Test02" time="1.342"/>
  <testcase classname="com.tvinh.test1.GetNewsTest" name="Test03" time="1.262"/>
</testsuite> <!-- Command line test -->
