<?xml version="1.0" encoding="UTF-8"?>
<testng-results ignored="0" total="3" passed="3" failed="0" skipped="0">
  <reporter-output>
  </reporter-output>
  <suite started-at="2022-07-01T20:25:15 ICT" name="Command line suite" finished-at="2022-07-01T20:25:21 ICT" duration-ms="5895">
    <groups>
    </groups>
    <test started-at="2022-07-01T20:25:15 ICT" name="Command line test" finished-at="2022-07-01T20:25:21 ICT" duration-ms="5895">
      <class name="com.tvinh.test1.GetNewsTest">
        <test-method signature="Test01()[pri:0, instance:com.tvinh.test1.GetNewsTest@1dc169a2]" started-at="2022-07-01T20:25:15 ICT" name="Test01" finished-at="2022-07-01T20:25:19 ICT" duration-ms="3265" status="PASS">
          <reporter-output>
          </reporter-output>
        </test-method> <!-- Test01 -->
        <test-method signature="Test02()[pri:0, instance:com.tvinh.test1.GetNewsTest@1dc169a2]" started-at="2022-07-01T20:25:19 ICT" name="Test02" finished-at="2022-07-01T20:25:20 ICT" duration-ms="1342" status="PASS">
          <reporter-output>
          </reporter-output>
        </test-method> <!-- Test02 -->
        <test-method signature="Test03()[pri:0, instance:com.tvinh.test1.GetNewsTest@1dc169a2]" started-at="2022-07-01T20:25:20 ICT" name="Test03" finished-at="2022-07-01T20:25:21 ICT" duration-ms="1262" status="PASS">
          <reporter-output>
          </reporter-output>
        </test-method> <!-- Test03 -->
      </class> <!-- com.tvinh.test1.GetNewsTest -->
    </test> <!-- Command line test -->
  </suite> <!-- Command line suite -->
</testng-results>
